2022-01-20 12:59:42 INFO  .:69 - The execution of method loadFiles started here ...
2022-01-20 12:59:42 INFO  .:84 - The execution of method loadFiles ended here ...
2022-01-20 12:59:46 INFO  .:86 - The execution of method navigate started here ...
2022-01-20 12:59:54 INFO  .:98 - The execution of method navigate ended here ...
2022-01-20 12:59:54 INFO  .:166 - In Test Scenario Login the method navigate execution status is :Pass
2022-01-20 12:59:54 INFO  .:32 - The execution of method login started here ...
2022-01-20 13:00:00 INFO  .:50 - The execution of method login ended here ...
2022-01-20 13:00:00 INFO  .:166 - In Test Scenario Login the method login execution status is :Pass
2022-01-20 13:00:02 INFO  .:166 - In Test Scenario Login the method minimizeFlyOutWindow execution status is :Pass
2022-01-20 13:00:02 INFO  .:76 - The execution of method logout started here ...
2022-01-20 13:00:06 INFO  .:88 - The execution of method logout ended here ...
2022-01-20 13:00:06 INFO  .:166 - In Test Scenario Login the method logout execution status is :Pass
2022-01-20 13:00:06 INFO  .:121 - The execution of method closeApplication started here ...
2022-01-20 13:00:07 INFO  .:124 - The execution of method closeApplication ended here ...
2022-01-20 13:00:07 INFO  .:166 - In Test Scenario Login the method closeApplication execution status is :Pass
2022-01-20 13:00:07 INFO  .:180 - +++++++++++++++++++++++++++++++
2022-01-20 13:00:09 INFO  .:86 - The execution of method navigate started here ...
2022-01-20 13:00:17 INFO  .:98 - The execution of method navigate ended here ...
2022-01-20 13:00:17 INFO  .:166 - In Test Scenario CreateUser the method navigate execution status is :Pass
2022-01-20 13:00:17 INFO  .:32 - The execution of method login started here ...
2022-01-20 13:00:23 INFO  .:50 - The execution of method login ended here ...
2022-01-20 13:00:23 INFO  .:166 - In Test Scenario CreateUser the method login execution status is :Pass
2022-01-20 13:00:25 INFO  .:166 - In Test Scenario CreateUser the method minimizeFlyOutWindow execution status is :Pass
2022-01-20 13:00:25 INFO  .:32 - The execution of method createUser started here ...
2022-01-20 13:00:35 INFO  .:60 - The execution of method createUser ended here ...
2022-01-20 13:00:35 INFO  .:166 - In Test Scenario CreateUser the method createUser execution status is :Pass
2022-01-20 13:00:35 INFO  .:131 - The execution of method deleteUser started here ...
2022-01-20 13:00:45 INFO  .:147 - The execution of method deleteUser ended here ...
2022-01-20 13:00:45 INFO  .:166 - In Test Scenario CreateUser the method deleteUser execution status is :Pass
2022-01-20 13:00:45 INFO  .:76 - The execution of method logout started here ...
2022-01-20 13:00:49 INFO  .:88 - The execution of method logout ended here ...
2022-01-20 13:00:49 INFO  .:166 - In Test Scenario CreateUser the method logout execution status is :Pass
2022-01-20 13:00:49 INFO  .:121 - The execution of method closeApplication started here ...
2022-01-20 13:00:49 INFO  .:124 - The execution of method closeApplication ended here ...
2022-01-20 13:00:49 INFO  .:166 - In Test Scenario CreateUser the method closeApplication execution status is :Pass
2022-01-20 13:00:49 INFO  .:180 - +++++++++++++++++++++++++++++++
2022-01-20 13:00:51 INFO  .:86 - The execution of method navigate started here ...
2022-01-20 13:00:59 INFO  .:98 - The execution of method navigate ended here ...
2022-01-20 13:00:59 INFO  .:166 - In Test Scenario ModifyUser the method navigate execution status is :Pass
2022-01-20 13:01:00 INFO  .:32 - The execution of method login started here ...
2022-01-20 13:01:05 INFO  .:50 - The execution of method login ended here ...
2022-01-20 13:01:05 INFO  .:166 - In Test Scenario ModifyUser the method login execution status is :Pass
2022-01-20 13:01:07 INFO  .:166 - In Test Scenario ModifyUser the method minimizeFlyOutWindow execution status is :Pass
2022-01-20 13:01:07 INFO  .:32 - The execution of method createUser started here ...
2022-01-20 13:01:20 INFO  .:60 - The execution of method createUser ended here ...
2022-01-20 13:01:20 INFO  .:166 - In Test Scenario ModifyUser the method createUser execution status is :Pass
2022-01-20 13:01:20 INFO  .:86 - The execution of method modifyUser started here ...
2022-01-20 13:01:29 INFO  .:106 - The execution of method modifyUser ended here ...
2022-01-20 13:01:29 INFO  .:166 - In Test Scenario ModifyUser the method modifyUser execution status is :Fail
2022-01-20 13:01:29 INFO  .:131 - The execution of method deleteUser started here ...
2022-01-20 13:01:39 INFO  .:147 - The execution of method deleteUser ended here ...
2022-01-20 13:01:39 INFO  .:166 - In Test Scenario ModifyUser the method deleteUser execution status is :Pass
2022-01-20 13:01:39 INFO  .:76 - The execution of method logout started here ...
2022-01-20 13:01:43 INFO  .:88 - The execution of method logout ended here ...
2022-01-20 13:01:43 INFO  .:166 - In Test Scenario ModifyUser the method logout execution status is :Pass
2022-01-20 13:01:43 INFO  .:121 - The execution of method closeApplication started here ...
2022-01-20 13:01:43 INFO  .:124 - The execution of method closeApplication ended here ...
2022-01-20 13:01:43 INFO  .:166 - In Test Scenario ModifyUser the method closeApplication execution status is :Pass
2022-01-20 13:01:43 INFO  .:180 - +++++++++++++++++++++++++++++++
2022-01-20 13:01:43 INFO  .:180 - +++++++++++++++++++++++++++++++
2022-01-20 13:01:43 INFO  .:180 - +++++++++++++++++++++++++++++++
2022-01-20 13:01:43 INFO  .:180 - +++++++++++++++++++++++++++++++
2022-01-20 13:01:44 INFO  .:180 - +++++++++++++++++++++++++++++++
2022-01-20 13:01:44 INFO  .:183 - The execution of method executeTestScenarios ended here ...
2022-01-20 13:01:45 INFO  .:205 - The execution of method endAutomationSuite ended here ...
2022-01-20 13:01:45 INFO  .:208 - The execution of method endAutomationSuite ended here ...
