2022-01-21 22:05:52 INFO  .:69 - The execution of method loadFiles started here ...
2022-01-21 22:05:52 INFO  .:84 - The execution of method loadFiles ended here ...
2022-01-21 22:05:55 INFO  .:86 - The execution of method navigate started here ...
2022-01-21 22:06:03 INFO  .:98 - The execution of method navigate ended here ...
2022-01-21 22:06:03 INFO  .:166 - In Test Scenario Login the method navigate execution status is :Pass
2022-01-21 22:06:03 INFO  .:32 - The execution of method login started here ...
2022-01-21 22:06:09 INFO  .:50 - The execution of method login ended here ...
2022-01-21 22:06:09 INFO  .:166 - In Test Scenario Login the method login execution status is :Pass
2022-01-21 22:06:11 INFO  .:166 - In Test Scenario Login the method minimizeFlyOutWindow execution status is :Pass
2022-01-21 22:06:11 INFO  .:76 - The execution of method logout started here ...
2022-01-21 22:06:15 INFO  .:88 - The execution of method logout ended here ...
2022-01-21 22:06:15 INFO  .:166 - In Test Scenario Login the method logout execution status is :Pass
2022-01-21 22:06:16 INFO  .:121 - The execution of method closeApplication started here ...
2022-01-21 22:06:16 INFO  .:124 - The execution of method closeApplication ended here ...
2022-01-21 22:06:16 INFO  .:166 - In Test Scenario Login the method closeApplication execution status is :Pass
2022-01-21 22:06:16 INFO  .:180 - +++++++++++++++++++++++++++++++
2022-01-21 22:06:18 INFO  .:86 - The execution of method navigate started here ...
2022-01-21 22:06:26 INFO  .:98 - The execution of method navigate ended here ...
2022-01-21 22:06:26 INFO  .:166 - In Test Scenario CreateUser the method navigate execution status is :Pass
2022-01-21 22:06:26 INFO  .:32 - The execution of method login started here ...
2022-01-21 22:06:31 INFO  .:50 - The execution of method login ended here ...
2022-01-21 22:06:31 INFO  .:166 - In Test Scenario CreateUser the method login execution status is :Pass
2022-01-21 22:06:34 INFO  .:166 - In Test Scenario CreateUser the method minimizeFlyOutWindow execution status is :Pass
2022-01-21 22:06:34 INFO  .:32 - The execution of method createUser started here ...
2022-01-21 22:06:47 INFO  .:60 - The execution of method createUser ended here ...
2022-01-21 22:06:47 INFO  .:166 - In Test Scenario CreateUser the method createUser execution status is :Pass
2022-01-21 22:06:48 INFO  .:131 - The execution of method deleteUser started here ...
2022-01-21 22:06:57 INFO  .:147 - The execution of method deleteUser ended here ...
2022-01-21 22:06:57 INFO  .:166 - In Test Scenario CreateUser the method deleteUser execution status is :Pass
2022-01-21 22:06:57 INFO  .:76 - The execution of method logout started here ...
2022-01-21 22:07:01 INFO  .:88 - The execution of method logout ended here ...
2022-01-21 22:07:01 INFO  .:166 - In Test Scenario CreateUser the method logout execution status is :Pass
2022-01-21 22:07:01 INFO  .:121 - The execution of method closeApplication started here ...
2022-01-21 22:07:02 INFO  .:124 - The execution of method closeApplication ended here ...
2022-01-21 22:07:02 INFO  .:166 - In Test Scenario CreateUser the method closeApplication execution status is :Pass
2022-01-21 22:07:02 INFO  .:180 - +++++++++++++++++++++++++++++++
2022-01-21 22:07:03 INFO  .:86 - The execution of method navigate started here ...
2022-01-21 22:07:12 INFO  .:98 - The execution of method navigate ended here ...
2022-01-21 22:07:12 INFO  .:166 - In Test Scenario ModifyUser the method navigate execution status is :Pass
2022-01-21 22:07:12 INFO  .:32 - The execution of method login started here ...
2022-01-21 22:07:17 INFO  .:50 - The execution of method login ended here ...
2022-01-21 22:07:17 INFO  .:166 - In Test Scenario ModifyUser the method login execution status is :Pass
2022-01-21 22:07:19 INFO  .:166 - In Test Scenario ModifyUser the method minimizeFlyOutWindow execution status is :Pass
2022-01-21 22:07:19 INFO  .:32 - The execution of method createUser started here ...
2022-01-21 22:07:31 INFO  .:60 - The execution of method createUser ended here ...
2022-01-21 22:07:31 INFO  .:166 - In Test Scenario ModifyUser the method createUser execution status is :Pass
2022-01-21 22:07:31 INFO  .:86 - The execution of method modifyUser started here ...
2022-01-21 22:07:41 INFO  .:106 - The execution of method modifyUser ended here ...
2022-01-21 22:07:41 INFO  .:166 - In Test Scenario ModifyUser the method modifyUser execution status is :Fail
2022-01-21 22:07:41 INFO  .:131 - The execution of method deleteUser started here ...
2022-01-21 22:07:50 INFO  .:147 - The execution of method deleteUser ended here ...
2022-01-21 22:07:50 INFO  .:166 - In Test Scenario ModifyUser the method deleteUser execution status is :Pass
2022-01-21 22:07:50 INFO  .:76 - The execution of method logout started here ...
2022-01-21 22:07:54 INFO  .:88 - The execution of method logout ended here ...
2022-01-21 22:07:54 INFO  .:166 - In Test Scenario ModifyUser the method logout execution status is :Pass
2022-01-21 22:07:55 INFO  .:121 - The execution of method closeApplication started here ...
2022-01-21 22:07:55 INFO  .:124 - The execution of method closeApplication ended here ...
2022-01-21 22:07:55 INFO  .:166 - In Test Scenario ModifyUser the method closeApplication execution status is :Pass
2022-01-21 22:07:55 INFO  .:180 - +++++++++++++++++++++++++++++++
2022-01-21 22:07:55 INFO  .:180 - +++++++++++++++++++++++++++++++
2022-01-21 22:07:55 INFO  .:180 - +++++++++++++++++++++++++++++++
2022-01-21 22:07:55 INFO  .:180 - +++++++++++++++++++++++++++++++
2022-01-21 22:07:55 INFO  .:180 - +++++++++++++++++++++++++++++++
2022-01-21 22:07:55 INFO  .:183 - The execution of method executeTestScenarios ended here ...
2022-01-21 22:07:55 INFO  .:205 - The execution of method endAutomationSuite ended here ...
2022-01-21 22:07:55 INFO  .:208 - The execution of method endAutomationSuite ended here ...
